2024-07-22 11:13:25,801 INFO o.a.j.u.JMeterUtils: Setting Locale to en_EN
2024-07-22 11:13:25,828 INFO o.a.j.JMeter: Loading user properties from: C:\Users\amsid\jmeter\bin\user.properties
2024-07-22 11:13:25,829 INFO o.a.j.JMeter: Loading system properties from: C:\Users\amsid\jmeter\bin\system.properties
2024-07-22 11:13:25,840 INFO o.a.j.JMeter: Copyright (c) 1998-2024 The Apache Software Foundation
2024-07-22 11:13:25,840 INFO o.a.j.JMeter: Version 5.6.3
2024-07-22 11:13:25,840 INFO o.a.j.JMeter: java.version=21.0.2
2024-07-22 11:13:25,840 INFO o.a.j.JMeter: java.vm.name=OpenJDK 64-Bit Server VM
2024-07-22 11:13:25,840 INFO o.a.j.JMeter: os.name=Windows 11
2024-07-22 11:13:25,840 INFO o.a.j.JMeter: os.arch=amd64
2024-07-22 11:13:25,840 INFO o.a.j.JMeter: os.version=10.0
2024-07-22 11:13:25,840 INFO o.a.j.JMeter: file.encoding=UTF-8
2024-07-22 11:13:25,840 INFO o.a.j.JMeter: java.awt.headless=null
2024-07-22 11:13:25,840 INFO o.a.j.JMeter: Max memory     =1073741824
2024-07-22 11:13:25,840 INFO o.a.j.JMeter: Available Processors =8
2024-07-22 11:13:25,853 INFO o.a.j.JMeter: Default Locale=English (EN)
2024-07-22 11:13:25,853 INFO o.a.j.JMeter: JMeter  Locale=English (EN)
2024-07-22 11:13:25,854 INFO o.a.j.JMeter: JMeterHome=C:\Users\amsid\jmeter
2024-07-22 11:13:25,854 INFO o.a.j.JMeter: user.dir  =C:\Users\amsid\Documents\IntellijProjects\virtual-thread\springboot-java-virtual-thread-trip-advisor\jmeter
2024-07-22 11:13:25,855 INFO o.a.j.JMeter: PWD       =C:\Users\amsid\Documents\IntellijProjects\virtual-thread\springboot-java-virtual-thread-trip-advisor\jmeter
2024-07-22 11:13:25,861 INFO o.a.j.JMeter: IP: 192.168.1.9 Name: AmsidhLokhande FullName: AmsidhLokhande
2024-07-22 11:13:25,876 INFO o.a.j.JMeter: Loaded icon properties from org/apache/jmeter/images/icon.properties
2024-07-22 11:13:26,126 INFO o.a.j.JMeterGuiLauncher: Setting LAF to: com.github.weisj.darklaf.DarkLaf:com.github.weisj.darklaf.theme.DarculaTheme
2024-07-22 11:13:27,477 INFO o.a.j.r.ClassFinder: Will scan jar C:\Users\amsid\jmeter\lib\ext\jmeter-plugins-graphs-basic-2.0.jar with filter ExtendsClassFilter [parents=[interface org.apache.jmeter.gui.action.Command], inner=false, contains=null, notContains=null]. Consider exposing JMeter plugins via META-INF/services, and add JMeter-Skip-Class-Scanning=true manifest attribute so JMeter can skip classfile scanning
2024-07-22 11:13:27,487 INFO o.a.j.r.ClassFinder: Will scan jar C:\Users\amsid\jmeter\lib\ext\jmeter-plugins-functions-2.2.jar with filter ExtendsClassFilter [parents=[interface org.apache.jmeter.gui.action.Command], inner=false, contains=null, notContains=null]. Consider exposing JMeter plugins via META-INF/services, and add JMeter-Skip-Class-Scanning=true manifest attribute so JMeter can skip classfile scanning
2024-07-22 11:13:27,494 INFO o.a.j.r.ClassFinder: Will scan jar C:\Users\amsid\jmeter\lib\ext\jmeter-plugins-perfmon-2.1.jar with filter ExtendsClassFilter [parents=[interface org.apache.jmeter.gui.action.Command], inner=false, contains=null, notContains=null]. Consider exposing JMeter plugins via META-INF/services, and add JMeter-Skip-Class-Scanning=true manifest attribute so JMeter can skip classfile scanning
2024-07-22 11:13:27,503 INFO o.a.j.r.ClassFinder: Will scan jar C:\Users\amsid\jmeter\lib\ext\jmeter-plugins-tst-2.6.jar with filter ExtendsClassFilter [parents=[interface org.apache.jmeter.gui.action.Command], inner=false, contains=null, notContains=null]. Consider exposing JMeter plugins via META-INF/services, and add JMeter-Skip-Class-Scanning=true manifest attribute so JMeter can skip classfile scanning
2024-07-22 11:13:27,506 INFO o.a.j.r.ClassFinder: Will scan jar C:\Users\amsid\jmeter\lib\ext\jmeter-plugins-fifo-0.2.jar with filter ExtendsClassFilter [parents=[interface org.apache.jmeter.gui.action.Command], inner=false, contains=null, notContains=null]. Consider exposing JMeter plugins via META-INF/services, and add JMeter-Skip-Class-Scanning=true manifest attribute so JMeter can skip classfile scanning
2024-07-22 11:13:27,512 INFO o.a.j.r.ClassFinder: Will scan jar C:\Users\amsid\jmeter\lib\ext\jmeter-plugins-ffw-2.0.jar with filter ExtendsClassFilter [parents=[interface org.apache.jmeter.gui.action.Command], inner=false, contains=null, notContains=null]. Consider exposing JMeter plugins via META-INF/services, and add JMeter-Skip-Class-Scanning=true manifest attribute so JMeter can skip classfile scanning
2024-07-22 11:13:27,515 INFO o.a.j.r.ClassFinder: Will scan jar C:\Users\amsid\jmeter\lib\ext\jmeter-plugins-casutg-2.10.jar with filter ExtendsClassFilter [parents=[interface org.apache.jmeter.gui.action.Command], inner=false, contains=null, notContains=null]. Consider exposing JMeter plugins via META-INF/services, and add JMeter-Skip-Class-Scanning=true manifest attribute so JMeter can skip classfile scanning
2024-07-22 11:13:27,532 INFO o.a.j.r.ClassFinder: Will scan jar C:\Users\amsid\jmeter\lib\ext\jmeter-plugins-dummy-0.4.jar with filter ExtendsClassFilter [parents=[interface org.apache.jmeter.gui.action.Command], inner=false, contains=null, notContains=null]. Consider exposing JMeter plugins via META-INF/services, and add JMeter-Skip-Class-Scanning=true manifest attribute so JMeter can skip classfile scanning
2024-07-22 11:13:27,539 INFO o.a.j.r.ClassFinder: Will scan jar C:\Users\amsid\jmeter\lib\ext\jmeter-plugins-manager-1.10.jar with filter ExtendsClassFilter [parents=[interface org.apache.jmeter.gui.action.Command], inner=false, contains=null, notContains=null]. Consider exposing JMeter plugins via META-INF/services, and add JMeter-Skip-Class-Scanning=true manifest attribute so JMeter can skip classfile scanning
2024-07-22 11:13:27,799 INFO o.a.j.r.ClassFinder: Will scan jar C:\Users\amsid\jmeter\lib\ext\jmeter-plugins-graphs-basic-2.0.jar with filter ExtendsClassFilter [parents=[interface org.apache.jmeter.gui.plugin.MenuCreator], inner=false, contains=null, notContains=null]. Consider exposing JMeter plugins via META-INF/services, and add JMeter-Skip-Class-Scanning=true manifest attribute so JMeter can skip classfile scanning
2024-07-22 11:13:27,801 INFO o.a.j.r.ClassFinder: Will scan jar C:\Users\amsid\jmeter\lib\ext\jmeter-plugins-functions-2.2.jar with filter ExtendsClassFilter [parents=[interface org.apache.jmeter.gui.plugin.MenuCreator], inner=false, contains=null, notContains=null]. Consider exposing JMeter plugins via META-INF/services, and add JMeter-Skip-Class-Scanning=true manifest attribute so JMeter can skip classfile scanning
2024-07-22 11:13:27,803 INFO o.a.j.r.ClassFinder: Will scan jar C:\Users\amsid\jmeter\lib\ext\jmeter-plugins-perfmon-2.1.jar with filter ExtendsClassFilter [parents=[interface org.apache.jmeter.gui.plugin.MenuCreator], inner=false, contains=null, notContains=null]. Consider exposing JMeter plugins via META-INF/services, and add JMeter-Skip-Class-Scanning=true manifest attribute so JMeter can skip classfile scanning
2024-07-22 11:13:27,803 INFO o.a.j.r.ClassFinder: Will scan jar C:\Users\amsid\jmeter\lib\ext\jmeter-plugins-tst-2.6.jar with filter ExtendsClassFilter [parents=[interface org.apache.jmeter.gui.plugin.MenuCreator], inner=false, contains=null, notContains=null]. Consider exposing JMeter plugins via META-INF/services, and add JMeter-Skip-Class-Scanning=true manifest attribute so JMeter can skip classfile scanning
2024-07-22 11:13:27,804 INFO o.a.j.r.ClassFinder: Will scan jar C:\Users\amsid\jmeter\lib\ext\jmeter-plugins-fifo-0.2.jar with filter ExtendsClassFilter [parents=[interface org.apache.jmeter.gui.plugin.MenuCreator], inner=false, contains=null, notContains=null]. Consider exposing JMeter plugins via META-INF/services, and add JMeter-Skip-Class-Scanning=true manifest attribute so JMeter can skip classfile scanning
2024-07-22 11:13:27,804 INFO o.a.j.r.ClassFinder: Will scan jar C:\Users\amsid\jmeter\lib\ext\jmeter-plugins-ffw-2.0.jar with filter ExtendsClassFilter [parents=[interface org.apache.jmeter.gui.plugin.MenuCreator], inner=false, contains=null, notContains=null]. Consider exposing JMeter plugins via META-INF/services, and add JMeter-Skip-Class-Scanning=true manifest attribute so JMeter can skip classfile scanning
2024-07-22 11:13:27,805 INFO o.a.j.r.ClassFinder: Will scan jar C:\Users\amsid\jmeter\lib\ext\jmeter-plugins-casutg-2.10.jar with filter ExtendsClassFilter [parents=[interface org.apache.jmeter.gui.plugin.MenuCreator], inner=false, contains=null, notContains=null]. Consider exposing JMeter plugins via META-INF/services, and add JMeter-Skip-Class-Scanning=true manifest attribute so JMeter can skip classfile scanning
2024-07-22 11:13:27,805 INFO o.a.j.r.ClassFinder: Will scan jar C:\Users\amsid\jmeter\lib\ext\jmeter-plugins-dummy-0.4.jar with filter ExtendsClassFilter [parents=[interface org.apache.jmeter.gui.plugin.MenuCreator], inner=false, contains=null, notContains=null]. Consider exposing JMeter plugins via META-INF/services, and add JMeter-Skip-Class-Scanning=true manifest attribute so JMeter can skip classfile scanning
2024-07-22 11:13:27,806 INFO o.a.j.r.ClassFinder: Will scan jar C:\Users\amsid\jmeter\lib\ext\jmeter-plugins-manager-1.10.jar with filter ExtendsClassFilter [parents=[interface org.apache.jmeter.gui.plugin.MenuCreator], inner=false, contains=null, notContains=null]. Consider exposing JMeter plugins via META-INF/services, and add JMeter-Skip-Class-Scanning=true manifest attribute so JMeter can skip classfile scanning
2024-07-22 11:13:27,974 INFO o.j.r.JARSourceHTTP: Found cached repo
2024-07-22 11:13:28,276 INFO o.j.r.PluginManager: Plugins Status: [jpgc-graphs-basic=2.0, jpgc-functions=2.2, jpgc-casutg=2.10, jpgc-dummy=0.4, jpgc-ffw=2.0, jpgc-fifo=0.2, jpgc-perfmon=2.1, jpgc-plugins-manager=1.10, jpgc-tst=2.6, jmeter-core=5.6.3, jmeter-ftp=5.6.3, jmeter-http=5.6.3, jmeter-jdbc=5.6.3, jmeter-jms=5.6.3, jmeter-junit=5.6.3, jmeter-java=5.6.3, jmeter-ldap=5.6.3, jmeter-mail=5.6.3, jmeter-mongodb=5.6.3, jmeter-native=5.6.3, jmeter-tcp=5.6.3, jmeter-components=5.6.3, jpgc-standard=2.0]
2024-07-22 11:13:46,973 INFO o.a.j.s.FileServer: Default base='C:\Users\amsid\Documents\IntellijProjects\virtual-thread\springboot-java-virtual-thread-trip-advisor\jmeter'
2024-07-22 11:13:46,975 INFO o.a.j.g.a.Load: Loading file: C:\Users\amsid\Documents\IntellijProjects\virtual-thread\springboot-java-virtual-thread-trip-advisor\jmeter\TripPlanRequest.jmx
2024-07-22 11:13:46,975 INFO o.a.j.s.FileServer: Set new base='C:\Users\amsid\Documents\IntellijProjects\virtual-thread\springboot-java-virtual-thread-trip-advisor\jmeter'
2024-07-22 11:13:47,202 INFO o.a.j.s.SaveService: Testplan (JMX) version: 2.2. Testlog (JTL) version: 2.2
2024-07-22 11:13:47,210 INFO o.a.j.s.SaveService: Using SaveService properties version 5.0
2024-07-22 11:13:47,212 INFO o.a.j.s.SaveService: Using SaveService properties file encoding UTF-8
2024-07-22 11:13:47,213 INFO o.a.j.s.SaveService: Loading file: C:\Users\amsid\Documents\IntellijProjects\virtual-thread\springboot-java-virtual-thread-trip-advisor\jmeter\TripPlanRequest.jmx
2024-07-22 11:13:47,316 INFO o.a.j.p.h.s.HTTPSamplerBase: Parser for text/html is org.apache.jmeter.protocol.http.parser.LagartoBasedHtmlParser
2024-07-22 11:13:47,317 INFO o.a.j.p.h.s.HTTPSamplerBase: Parser for application/xhtml+xml is org.apache.jmeter.protocol.http.parser.LagartoBasedHtmlParser
2024-07-22 11:13:47,317 INFO o.a.j.p.h.s.HTTPSamplerBase: Parser for application/xml is org.apache.jmeter.protocol.http.parser.LagartoBasedHtmlParser
2024-07-22 11:13:47,317 INFO o.a.j.p.h.s.HTTPSamplerBase: Parser for text/xml is org.apache.jmeter.protocol.http.parser.LagartoBasedHtmlParser
2024-07-22 11:13:47,317 INFO o.a.j.p.h.s.HTTPSamplerBase: Parser for text/vnd.wap.wml is org.apache.jmeter.protocol.http.parser.RegexpHTMLParser
2024-07-22 11:13:47,318 INFO o.a.j.p.h.s.HTTPSamplerBase: Parser for text/css is org.apache.jmeter.protocol.http.parser.CssParser
2024-07-22 11:13:47,526 INFO o.a.j.s.SampleResult: Note: Sample TimeStamps are START times
2024-07-22 11:13:47,526 INFO o.a.j.s.SampleResult: sampleresult.default.encoding is set to UTF-8
2024-07-22 11:13:47,526 INFO o.a.j.s.SampleResult: sampleresult.useNanoTime=true
2024-07-22 11:13:47,526 INFO o.a.j.s.SampleResult: sampleresult.nanoThreadSleep=5000
2024-07-22 11:13:47,656 INFO o.a.j.r.ClassFinder: Will scan jar C:\Users\amsid\jmeter\lib\ext\jmeter-plugins-graphs-basic-2.0.jar with filter ExtendsClassFilter [parents=[interface org.apache.jmeter.visualizers.ResultRenderer], inner=false, contains=null, notContains=null]. Consider exposing JMeter plugins via META-INF/services, and add JMeter-Skip-Class-Scanning=true manifest attribute so JMeter can skip classfile scanning
2024-07-22 11:13:47,657 INFO o.a.j.r.ClassFinder: Will scan jar C:\Users\amsid\jmeter\lib\ext\jmeter-plugins-functions-2.2.jar with filter ExtendsClassFilter [parents=[interface org.apache.jmeter.visualizers.ResultRenderer], inner=false, contains=null, notContains=null]. Consider exposing JMeter plugins via META-INF/services, and add JMeter-Skip-Class-Scanning=true manifest attribute so JMeter can skip classfile scanning
2024-07-22 11:13:47,658 INFO o.a.j.r.ClassFinder: Will scan jar C:\Users\amsid\jmeter\lib\ext\jmeter-plugins-perfmon-2.1.jar with filter ExtendsClassFilter [parents=[interface org.apache.jmeter.visualizers.ResultRenderer], inner=false, contains=null, notContains=null]. Consider exposing JMeter plugins via META-INF/services, and add JMeter-Skip-Class-Scanning=true manifest attribute so JMeter can skip classfile scanning
2024-07-22 11:13:47,658 INFO o.a.j.r.ClassFinder: Will scan jar C:\Users\amsid\jmeter\lib\ext\jmeter-plugins-tst-2.6.jar with filter ExtendsClassFilter [parents=[interface org.apache.jmeter.visualizers.ResultRenderer], inner=false, contains=null, notContains=null]. Consider exposing JMeter plugins via META-INF/services, and add JMeter-Skip-Class-Scanning=true manifest attribute so JMeter can skip classfile scanning
2024-07-22 11:13:47,659 INFO o.a.j.r.ClassFinder: Will scan jar C:\Users\amsid\jmeter\lib\ext\jmeter-plugins-fifo-0.2.jar with filter ExtendsClassFilter [parents=[interface org.apache.jmeter.visualizers.ResultRenderer], inner=false, contains=null, notContains=null]. Consider exposing JMeter plugins via META-INF/services, and add JMeter-Skip-Class-Scanning=true manifest attribute so JMeter can skip classfile scanning
2024-07-22 11:13:47,659 INFO o.a.j.r.ClassFinder: Will scan jar C:\Users\amsid\jmeter\lib\ext\jmeter-plugins-ffw-2.0.jar with filter ExtendsClassFilter [parents=[interface org.apache.jmeter.visualizers.ResultRenderer], inner=false, contains=null, notContains=null]. Consider exposing JMeter plugins via META-INF/services, and add JMeter-Skip-Class-Scanning=true manifest attribute so JMeter can skip classfile scanning
2024-07-22 11:13:47,660 INFO o.a.j.r.ClassFinder: Will scan jar C:\Users\amsid\jmeter\lib\ext\jmeter-plugins-casutg-2.10.jar with filter ExtendsClassFilter [parents=[interface org.apache.jmeter.visualizers.ResultRenderer], inner=false, contains=null, notContains=null]. Consider exposing JMeter plugins via META-INF/services, and add JMeter-Skip-Class-Scanning=true manifest attribute so JMeter can skip classfile scanning
2024-07-22 11:13:47,660 INFO o.a.j.r.ClassFinder: Will scan jar C:\Users\amsid\jmeter\lib\ext\jmeter-plugins-dummy-0.4.jar with filter ExtendsClassFilter [parents=[interface org.apache.jmeter.visualizers.ResultRenderer], inner=false, contains=null, notContains=null]. Consider exposing JMeter plugins via META-INF/services, and add JMeter-Skip-Class-Scanning=true manifest attribute so JMeter can skip classfile scanning
2024-07-22 11:13:47,661 INFO o.a.j.r.ClassFinder: Will scan jar C:\Users\amsid\jmeter\lib\ext\jmeter-plugins-manager-1.10.jar with filter ExtendsClassFilter [parents=[interface org.apache.jmeter.visualizers.ResultRenderer], inner=false, contains=null, notContains=null]. Consider exposing JMeter plugins via META-INF/services, and add JMeter-Skip-Class-Scanning=true manifest attribute so JMeter can skip classfile scanning
2024-07-22 11:13:47,685 INFO o.a.j.r.ClassFinder: Will scan jar C:\Users\amsid\jmeter\lib\ext\jmeter-plugins-graphs-basic-2.0.jar with filter ExtendsClassFilter [parents=[interface org.apache.jmeter.visualizers.RequestView], inner=false, contains=null, notContains=null]. Consider exposing JMeter plugins via META-INF/services, and add JMeter-Skip-Class-Scanning=true manifest attribute so JMeter can skip classfile scanning
2024-07-22 11:13:47,685 INFO o.a.j.r.ClassFinder: Will scan jar C:\Users\amsid\jmeter\lib\ext\jmeter-plugins-functions-2.2.jar with filter ExtendsClassFilter [parents=[interface org.apache.jmeter.visualizers.RequestView], inner=false, contains=null, notContains=null]. Consider exposing JMeter plugins via META-INF/services, and add JMeter-Skip-Class-Scanning=true manifest attribute so JMeter can skip classfile scanning
2024-07-22 11:13:47,686 INFO o.a.j.r.ClassFinder: Will scan jar C:\Users\amsid\jmeter\lib\ext\jmeter-plugins-perfmon-2.1.jar with filter ExtendsClassFilter [parents=[interface org.apache.jmeter.visualizers.RequestView], inner=false, contains=null, notContains=null]. Consider exposing JMeter plugins via META-INF/services, and add JMeter-Skip-Class-Scanning=true manifest attribute so JMeter can skip classfile scanning
2024-07-22 11:13:47,687 INFO o.a.j.r.ClassFinder: Will scan jar C:\Users\amsid\jmeter\lib\ext\jmeter-plugins-tst-2.6.jar with filter ExtendsClassFilter [parents=[interface org.apache.jmeter.visualizers.RequestView], inner=false, contains=null, notContains=null]. Consider exposing JMeter plugins via META-INF/services, and add JMeter-Skip-Class-Scanning=true manifest attribute so JMeter can skip classfile scanning
2024-07-22 11:13:47,687 INFO o.a.j.r.ClassFinder: Will scan jar C:\Users\amsid\jmeter\lib\ext\jmeter-plugins-fifo-0.2.jar with filter ExtendsClassFilter [parents=[interface org.apache.jmeter.visualizers.RequestView], inner=false, contains=null, notContains=null]. Consider exposing JMeter plugins via META-INF/services, and add JMeter-Skip-Class-Scanning=true manifest attribute so JMeter can skip classfile scanning
2024-07-22 11:13:47,688 INFO o.a.j.r.ClassFinder: Will scan jar C:\Users\amsid\jmeter\lib\ext\jmeter-plugins-ffw-2.0.jar with filter ExtendsClassFilter [parents=[interface org.apache.jmeter.visualizers.RequestView], inner=false, contains=null, notContains=null]. Consider exposing JMeter plugins via META-INF/services, and add JMeter-Skip-Class-Scanning=true manifest attribute so JMeter can skip classfile scanning
2024-07-22 11:13:47,688 INFO o.a.j.r.ClassFinder: Will scan jar C:\Users\amsid\jmeter\lib\ext\jmeter-plugins-casutg-2.10.jar with filter ExtendsClassFilter [parents=[interface org.apache.jmeter.visualizers.RequestView], inner=false, contains=null, notContains=null]. Consider exposing JMeter plugins via META-INF/services, and add JMeter-Skip-Class-Scanning=true manifest attribute so JMeter can skip classfile scanning
2024-07-22 11:13:47,688 INFO o.a.j.r.ClassFinder: Will scan jar C:\Users\amsid\jmeter\lib\ext\jmeter-plugins-dummy-0.4.jar with filter ExtendsClassFilter [parents=[interface org.apache.jmeter.visualizers.RequestView], inner=false, contains=null, notContains=null]. Consider exposing JMeter plugins via META-INF/services, and add JMeter-Skip-Class-Scanning=true manifest attribute so JMeter can skip classfile scanning
2024-07-22 11:13:47,689 INFO o.a.j.r.ClassFinder: Will scan jar C:\Users\amsid\jmeter\lib\ext\jmeter-plugins-manager-1.10.jar with filter ExtendsClassFilter [parents=[interface org.apache.jmeter.visualizers.RequestView], inner=false, contains=null, notContains=null]. Consider exposing JMeter plugins via META-INF/services, and add JMeter-Skip-Class-Scanning=true manifest attribute so JMeter can skip classfile scanning
2024-07-22 11:13:47,897 INFO o.a.j.s.FileServer: Set new base='C:\Users\amsid\Documents\IntellijProjects\virtual-thread\springboot-java-virtual-thread-trip-advisor\jmeter'
2024-07-22 11:14:08,810 INFO o.a.j.s.SampleEvent: List of sample_variables: []
